<?xml version="1.0" encoding="UTF-8"?>
<!-- Generated by org.testng.reporters.JUnitReportReporter -->
<testsuite hostname="ndi-mb-187" failures="0" tests="1" name="test.web.LoginTest" time="0.222" errors="0" timestamp="15 Oct 2023 15:43:05 GMT" skipped="0">
  <testcase classname="test.web.LoginTest" name="login" time="0.222"/>
</testsuite> <!-- test.web.LoginTest -->
