<?xml version="1.0" encoding="UTF-8"?>
<!-- Generated by org.testng.reporters.JUnitReportReporter -->
<testsuite hostname="ndi-mb-187" failures="0" tests="1" name="test.web.LoginTest" time="0.254" errors="0" timestamp="2023-10-23T01:17:00 IST" skipped="0">
  <testcase classname="test.web.LoginTest" name="loginTest" time="0.254"/>
  <system-out/>
</testsuite> <!-- test.web.LoginTest -->
